<?xml version="1.0" encoding="UTF-8"?>
<testsuite name="AbstractWorldMapTest" tests="2" skipped="0" failures="0" errors="0" timestamp="2021-12-27T18:55:10" hostname="DESKTOP-ARRLIK4" time="0.021">
  <properties/>
  <testcase name="testFindIndexesOfStrongestAnimals()" classname="AbstractWorldMapTest" time="0.019"/>
  <testcase name="testUpdateDominantGenotype()" classname="AbstractWorldMapTest" time="0.001"/>
  <system-out><![CDATA[]]></system-out>
  <system-err><![CDATA[]]></system-err>
</testsuite>
