<?xml version="1.0" encoding="UTF-8"?>
<testsuite name="UnboundedMapTest" tests="3" skipped="0" failures="0" errors="0" timestamp="2021-12-28T05:51:24" hostname="DESKTOP-ARRLIK4" time="0.025">
  <properties/>
  <testcase name="testChangePositionToUnbounded()" classname="UnboundedMapTest" time="0.019"/>
  <testcase name="testBetterModulo()" classname="UnboundedMapTest" time="0.001"/>
  <testcase name="testPlaceAnimals()" classname="UnboundedMapTest" time="0.003"/>
  <system-out><![CDATA[]]></system-out>
  <system-err><![CDATA[]]></system-err>
</testsuite>
